<?xml version="1.0" encoding="UTF-8"?>
<testsuite xmlns:xsi="http://www.w3.org/2001/XMLSchema-instance" xsi:noNamespaceSchemaLocation="https://maven.apache.org/surefire/maven-surefire-plugin/xsd/surefire-test-report.xsd" name="ifsp.movietex.movie.dao.MovieDAOTest" time="4.799" tests="25" errors="0" skipped="0" failures="0">
  <properties>
    <property name="java.specification.version" value="17"/>
    <property name="sun.cpu.isalist" value="amd64"/>
    <property name="sun.jnu.encoding" value="Cp1252"/>
    <property name="java.class.path" value="C:\Users\flavi\OneDrive\Documentos\Trabalho\wolke-estudos\PWE\Movietex\target\test-classes;C:\Users\flavi\OneDrive\Documentos\Trabalho\wolke-estudos\PWE\Movietex\target\classes;C:\Users\flavi\.m2\repository\javax\servlet\javax.servlet-api\4.0.1\javax.servlet-api-4.0.1.jar;C:\Users\flavi\.m2\repository\javax\servlet\jsp\javax.servlet.jsp-api\2.3.3\javax.servlet.jsp-api-2.3.3.jar;C:\Users\flavi\.m2\repository\org\postgresql\postgresql\42.7.3\postgresql-42.7.3.jar;C:\Users\flavi\.m2\repository\org\checkerframework\checker-qual\3.42.0\checker-qual-3.42.0.jar;C:\Users\flavi\.m2\repository\com\google\code\gson\gson\2.8.9\gson-2.8.9.jar;C:\Users\flavi\.m2\repository\org\junit\jupiter\junit-jupiter-api\5.9.2\junit-jupiter-api-5.9.2.jar;C:\Users\flavi\.m2\repository\org\opentest4j\opentest4j\1.2.0\opentest4j-1.2.0.jar;C:\Users\flavi\.m2\repository\org\junit\platform\junit-platform-commons\1.9.2\junit-platform-commons-1.9.2.jar;C:\Users\flavi\.m2\repository\org\apiguardian\apiguardian-api\1.1.2\apiguardian-api-1.1.2.jar;C:\Users\flavi\.m2\repository\org\junit\jupiter\junit-jupiter-engine\5.9.3\junit-jupiter-engine-5.9.3.jar;C:\Users\flavi\.m2\repository\org\junit\platform\junit-platform-engine\1.9.3\junit-platform-engine-1.9.3.jar;C:\Users\flavi\.m2\repository\org\testcontainers\testcontainers\1.19.0\testcontainers-1.19.0.jar;C:\Users\flavi\.m2\repository\junit\junit\4.13.2\junit-4.13.2.jar;C:\Users\flavi\.m2\repository\org\hamcrest\hamcrest-core\1.3\hamcrest-core-1.3.jar;C:\Users\flavi\.m2\repository\org\apache\commons\commons-compress\1.23.0\commons-compress-1.23.0.jar;C:\Users\flavi\.m2\repository\org\rnorth\duct-tape\duct-tape\1.0.8\duct-tape-1.0.8.jar;C:\Users\flavi\.m2\repository\org\jetbrains\annotations\17.0.0\annotations-17.0.0.jar;C:\Users\flavi\.m2\repository\com\github\docker-java\docker-java-api\3.3.3\docker-java-api-3.3.3.jar;C:\Users\flavi\.m2\repository\com\fasterxml\jackson\core\jackson-annotations\2.10.3\jackson-annotations-2.10.3.jar;C:\Users\flavi\.m2\repository\com\github\docker-java\docker-java-transport-zerodep\3.3.3\docker-java-transport-zerodep-3.3.3.jar;C:\Users\flavi\.m2\repository\com\github\docker-java\docker-java-transport\3.3.3\docker-java-transport-3.3.3.jar;C:\Users\flavi\.m2\repository\net\java\dev\jna\jna\5.12.1\jna-5.12.1.jar;C:\Users\flavi\.m2\repository\org\testcontainers\junit-jupiter\1.19.0\junit-jupiter-1.19.0.jar;C:\Users\flavi\.m2\repository\org\testcontainers\postgresql\1.19.0\postgresql-1.19.0.jar;C:\Users\flavi\.m2\repository\org\testcontainers\jdbc\1.19.0\jdbc-1.19.0.jar;C:\Users\flavi\.m2\repository\org\testcontainers\database-commons\1.19.0\database-commons-1.19.0.jar;C:\Users\flavi\.m2\repository\org\slf4j\slf4j-api\2.0.13\slf4j-api-2.0.13.jar;C:\Users\flavi\.m2\repository\ch\qos\logback\logback-classic\1.5.6\logback-classic-1.5.6.jar;C:\Users\flavi\.m2\repository\ch\qos\logback\logback-core\1.5.6\logback-core-1.5.6.jar;"/>
    <property name="java.vm.vendor" value="Oracle Corporation"/>
    <property name="sun.arch.data.model" value="64"/>
    <property name="user.variant" value=""/>
    <property name="java.vendor.url" value="https://java.oracle.com/"/>
    <property name="user.timezone" value="America/Sao_Paulo"/>
    <property name="os.name" value="Windows 11"/>
    <property name="java.vm.specification.version" value="17"/>
    <property name="sun.java.launcher" value="SUN_STANDARD"/>
    <property name="user.country" value="BR"/>
    <property name="sun.boot.library.path" value="C:\Program Files\Java\jdk-17\bin"/>
    <property name="sun.java.command" value="C:\Users\flavi\AppData\Local\Temp\surefire16161983411371941272\surefirebooter4338196479520570741.jar C:\Users\flavi\AppData\Local\Temp\surefire16161983411371941272 2024-06-22T15-06-31_038-jvmRun1 surefire9060101218563814920tmp surefire_08746443792285669817tmp"/>
    <property name="jdk.debug" value="release"/>
    <property name="surefire.test.class.path" value="C:\Users\flavi\OneDrive\Documentos\Trabalho\wolke-estudos\PWE\Movietex\target\test-classes;C:\Users\flavi\OneDrive\Documentos\Trabalho\wolke-estudos\PWE\Movietex\target\classes;C:\Users\flavi\.m2\repository\javax\servlet\javax.servlet-api\4.0.1\javax.servlet-api-4.0.1.jar;C:\Users\flavi\.m2\repository\javax\servlet\jsp\javax.servlet.jsp-api\2.3.3\javax.servlet.jsp-api-2.3.3.jar;C:\Users\flavi\.m2\repository\org\postgresql\postgresql\42.7.3\postgresql-42.7.3.jar;C:\Users\flavi\.m2\repository\org\checkerframework\checker-qual\3.42.0\checker-qual-3.42.0.jar;C:\Users\flavi\.m2\repository\com\google\code\gson\gson\2.8.9\gson-2.8.9.jar;C:\Users\flavi\.m2\repository\org\junit\jupiter\junit-jupiter-api\5.9.2\junit-jupiter-api-5.9.2.jar;C:\Users\flavi\.m2\repository\org\opentest4j\opentest4j\1.2.0\opentest4j-1.2.0.jar;C:\Users\flavi\.m2\repository\org\junit\platform\junit-platform-commons\1.9.2\junit-platform-commons-1.9.2.jar;C:\Users\flavi\.m2\repository\org\apiguardian\apiguardian-api\1.1.2\apiguardian-api-1.1.2.jar;C:\Users\flavi\.m2\repository\org\junit\jupiter\junit-jupiter-engine\5.9.3\junit-jupiter-engine-5.9.3.jar;C:\Users\flavi\.m2\repository\org\junit\platform\junit-platform-engine\1.9.3\junit-platform-engine-1.9.3.jar;C:\Users\flavi\.m2\repository\org\testcontainers\testcontainers\1.19.0\testcontainers-1.19.0.jar;C:\Users\flavi\.m2\repository\junit\junit\4.13.2\junit-4.13.2.jar;C:\Users\flavi\.m2\repository\org\hamcrest\hamcrest-core\1.3\hamcrest-core-1.3.jar;C:\Users\flavi\.m2\repository\org\apache\commons\commons-compress\1.23.0\commons-compress-1.23.0.jar;C:\Users\flavi\.m2\repository\org\rnorth\duct-tape\duct-tape\1.0.8\duct-tape-1.0.8.jar;C:\Users\flavi\.m2\repository\org\jetbrains\annotations\17.0.0\annotations-17.0.0.jar;C:\Users\flavi\.m2\repository\com\github\docker-java\docker-java-api\3.3.3\docker-java-api-3.3.3.jar;C:\Users\flavi\.m2\repository\com\fasterxml\jackson\core\jackson-annotations\2.10.3\jackson-annotations-2.10.3.jar;C:\Users\flavi\.m2\repository\com\github\docker-java\docker-java-transport-zerodep\3.3.3\docker-java-transport-zerodep-3.3.3.jar;C:\Users\flavi\.m2\repository\com\github\docker-java\docker-java-transport\3.3.3\docker-java-transport-3.3.3.jar;C:\Users\flavi\.m2\repository\net\java\dev\jna\jna\5.12.1\jna-5.12.1.jar;C:\Users\flavi\.m2\repository\org\testcontainers\junit-jupiter\1.19.0\junit-jupiter-1.19.0.jar;C:\Users\flavi\.m2\repository\org\testcontainers\postgresql\1.19.0\postgresql-1.19.0.jar;C:\Users\flavi\.m2\repository\org\testcontainers\jdbc\1.19.0\jdbc-1.19.0.jar;C:\Users\flavi\.m2\repository\org\testcontainers\database-commons\1.19.0\database-commons-1.19.0.jar;C:\Users\flavi\.m2\repository\org\slf4j\slf4j-api\2.0.13\slf4j-api-2.0.13.jar;C:\Users\flavi\.m2\repository\ch\qos\logback\logback-classic\1.5.6\logback-classic-1.5.6.jar;C:\Users\flavi\.m2\repository\ch\qos\logback\logback-core\1.5.6\logback-core-1.5.6.jar;"/>
    <property name="sun.cpu.endian" value="little"/>
    <property name="user.home" value="C:\Users\flavi"/>
    <property name="user.language" value="pt"/>
    <property name="java.specification.vendor" value="Oracle Corporation"/>
    <property name="java.version.date" value="2024-01-16"/>
    <property name="java.home" value="C:\Program Files\Java\jdk-17"/>
    <property name="file.separator" value="\"/>
    <property name="basedir" value="C:\Users\flavi\OneDrive\Documentos\Trabalho\wolke-estudos\PWE\Movietex"/>
    <property name="java.vm.compressedOopsMode" value="Zero based"/>
    <property name="line.separator" value="&#10;"/>
    <property name="java.vm.specification.vendor" value="Oracle Corporation"/>
    <property name="java.specification.name" value="Java Platform API Specification"/>
    <property name="surefire.real.class.path" value="C:\Users\flavi\AppData\Local\Temp\surefire16161983411371941272\surefirebooter4338196479520570741.jar"/>
    <property name="user.script" value=""/>
    <property name="sun.management.compiler" value="HotSpot 64-Bit Tiered Compilers"/>
    <property name="java.runtime.version" value="17.0.10+11-LTS-240"/>
    <property name="user.name" value="Wolke00"/>
    <property name="path.separator" value=";"/>
    <property name="os.version" value="10.0"/>
    <property name="java.runtime.name" value="Java(TM) SE Runtime Environment"/>
    <property name="file.encoding" value="Cp1252"/>
    <property name="java.vm.name" value="Java HotSpot(TM) 64-Bit Server VM"/>
    <property name="localRepository" value="C:\Users\flavi\.m2\repository"/>
    <property name="java.vendor.url.bug" value="https://bugreport.java.com/bugreport/"/>
    <property name="java.io.tmpdir" value="C:\Users\flavi\AppData\Local\Temp\"/>
    <property name="java.version" value="17.0.10"/>
    <property name="user.dir" value="C:\Users\flavi\OneDrive\Documentos\Trabalho\wolke-estudos\PWE\Movietex"/>
    <property name="os.arch" value="amd64"/>
    <property name="java.vm.specification.name" value="Java Virtual Machine Specification"/>
    <property name="sun.os.patch.level" value=""/>
    <property name="native.encoding" value="Cp1252"/>
    <property name="java.library.path" value="C:\Program Files\Java\jdk-17\bin;C:\Windows\Sun\Java\bin;C:\Windows\system32;C:\Windows;C:\Users\flavi\bin;C:\Program Files\Git\mingw64\bin;C:\Program Files\Git\usr\local\bin;C:\Program Files\Git\usr\bin;C:\Program Files\Git\usr\bin;C:\Program Files\Git\mingw64\bin;C:\Program Files\Git\usr\bin;C:\Users\flavi\bin;C:\Program Files\Common Files\Oracle\Java\javapath;C:\Program Files (x86)\Common Files\Oracle\Java\javapath;C:\Windows\system32;C:\Windows;C:\Windows\System32\Wbem;C:\Windows\System32\WindowsPowerShell\v1.0;C:\Windows\System32\OpenSSH;C:\Program Files\dotnet;C:\Users\flavi\AppData\Local\Programs\Python\Python311;C:\Users\flavi\AppData\Local\Programs\Python\Python311\Scripts;C:\Users\flavi\AppData\Local\Programs\Python\Python311\Scripts\pip.exe;C:\Program Files\Git\cmd;%JAVA_HOME%\bin;C:\Users\flavi\anaconda3\Scripts;C:\maven\bin;C:\Program Files\PostgreSQL\16\bin;C:\Program Files\nodejs;C:\Program Files\Docker\Docker\resources\bin;C:\Users\flavi\AppData\Local\Microsoft\WindowsApps;C:\Users\flavi\AppData\Local\Programs\Microsoft VS Code\bin;C:\Users\flavi\OneDrive\Documentos\Documentos\spark\hadoop\bin;C:\Users\flavi\OneDrive\Documentos\Documentos\spark\bin;C:\Program Files\Java\jdk-17\bin;C:\Program Files\JetBrains\IntelliJ IDEA Community Edition 2024.1\bin;C:\Program Files\JetBrains\PyCharm Community Edition 2024.1\bin;C:\Users\flavi\AppData\Local\Coursier\data\bin;C:\Users\flavi\AppData\Local\GitHubDesktop\bin;C:\Users\flavi\AppData\Roaming\npm;C:\Program Files\Git\usr\bin\vendor_perl;C:\Program Files\Git\usr\bin\core_perl;."/>
    <property name="java.vm.info" value="mixed mode, sharing"/>
    <property name="java.vendor" value="Oracle Corporation"/>
    <property name="java.vm.version" value="17.0.10+11-LTS-240"/>
    <property name="sun.io.unicode.encoding" value="UnicodeLittle"/>
    <property name="java.class.version" value="61.0"/>
  </properties>
  <testcase name="givenFindBy_whenParameterRatingAverageIs9_thenReturnAllMoviesWithratingAverage9" classname="ifsp.movietex.movie.dao.MovieDAOTest" time="0.054"/>
  <testcase name="givenFindWithAtLeastOneValue_whenParameterGenreIsThriller_thenReturnAllMoviesWithGenreThriller" classname="ifsp.movietex.movie.dao.MovieDAOTest" time="0.012"/>
  <testcase name="givenFindBy_whenParameterMinRatingAverageIs9_thenReturnAllMoviesWithMinRatingAverage9" classname="ifsp.movietex.movie.dao.MovieDAOTest" time="0.007"/>
  <testcase name="givenFindWithAtLeastOneValue_whenParameterTItleIsInception_thenReturnOneMovie" classname="ifsp.movietex.movie.dao.MovieDAOTest" time="0.006"/>
  <testcase name="givenFindWithAtLeastOneValue_whenParameterDescriptionByForrestGump_thenReturnAllMoviesWithDescriptionByForrestGump" classname="ifsp.movietex.movie.dao.MovieDAOTest" time="0.007"/>
  <testcase name="givenFindBy_whenParameterMinRatingAverageIs8AndMaxRatingAverageIs9_thenReturnAllMoviesWithMinRatingAverage8AndMaxRatingAverage9" classname="ifsp.movietex.movie.dao.MovieDAOTest" time="0.007"/>
  <testcase name="givenUpdate_whenMovieExists_thenReturnSuccessMessage" classname="ifsp.movietex.movie.dao.MovieDAOTest" time="0.009"/>
  <testcase name="givenFindBy_whenParameterTItleIsInception_thenReturnOneMovie" classname="ifsp.movietex.movie.dao.MovieDAOTest" time="0.004"/>
  <testcase name="givenFindWithAtLeastOneValue_whenParameterYearIs1999_thenReturnAllMoviesWithYear1999" classname="ifsp.movietex.movie.dao.MovieDAOTest" time="0.006"/>
  <testcase name="givenFindWithAtLeastOneValue_whenParameterDirectorIsRobertZemeckis_thenReturnAllMoviesWithDirectorRobertZemeckis" classname="ifsp.movietex.movie.dao.MovieDAOTest" time="0.006"/>
  <testcase name="givenFindBy_whenAllParametersIsNull_thenAllMovies" classname="ifsp.movietex.movie.dao.MovieDAOTest" time="0.008"/>
  <testcase name="givenFindBy_whenParameterDirectorIsRobertZemeckis_thenReturnAllMoviesWithDirectorRobertZemeckis" classname="ifsp.movietex.movie.dao.MovieDAOTest" time="0.005"/>
  <testcase name="givenUpdate_whenMovieNotExist_thenReturnFailedMessage" classname="ifsp.movietex.movie.dao.MovieDAOTest" time="0.004"/>
  <testcase name="givenFindBy_whenParameterDescriptionByForrestGump_thenReturnAllMoviesWithDescriptionByForrestGump" classname="ifsp.movietex.movie.dao.MovieDAOTest" time="0.005"/>
  <testcase name="givenFindBy_whenIdNotExist_thenReturnNull" classname="ifsp.movietex.movie.dao.MovieDAOTest" time="0.005"/>
  <testcase name="givenInsert_whenMovieNotExist_thenReturnSuccessMessage" classname="ifsp.movietex.movie.dao.MovieDAOTest" time="0.007"/>
  <testcase name="givenFindBy_whenParameterYearIs1999_thenReturnAllMoviesWithYear1999" classname="ifsp.movietex.movie.dao.MovieDAOTest" time="0.007"/>
  <testcase name="givenFindBy_whenParameterMaxRatingAverageIs9_thenReturnAllMoviesWithMaxRatingAverage9" classname="ifsp.movietex.movie.dao.MovieDAOTest" time="0.006"/>
  <testcase name="givenFindWithAtLeastOneValue_whenParameterRatingAverageIs9_thenReturnAllMoviesWithratingAverage9" classname="ifsp.movietex.movie.dao.MovieDAOTest" time="0.006"/>
  <testcase name="givenFindBy_whenAllParameterWithInformation_thenReturnAllWithThisInformations" classname="ifsp.movietex.movie.dao.MovieDAOTest" time="0.005"/>
  <testcase name="givenFindBy_whenParameterGenreIsThriller_thenReturnAllMoviesWithGenreThriller" classname="ifsp.movietex.movie.dao.MovieDAOTest" time="0.005"/>
  <testcase name="givenFindBy_whenIdExists_thenReturnOneMovie" classname="ifsp.movietex.movie.dao.MovieDAOTest" time="0.006"/>
  <testcase name="givenInsert_whenMovieAlreadyExists_thenReturnFailedMessage" classname="ifsp.movietex.movie.dao.MovieDAOTest" time="0.012"/>
  <testcase name="givenFindWithAtLeastOneValue_whenAllParameterWithInformation_thenReturnAllWithThisInformations" classname="ifsp.movietex.movie.dao.MovieDAOTest" time="0.01"/>
  <testcase name="givenFindWithAtLeastOneValue_whenAllParametersIsNull_thenAllMovies" classname="ifsp.movietex.movie.dao.MovieDAOTest" time="0.007"/>
</testsuite>